<?xml version="1.0" encoding="UTF-8"?>
<!-- Generated by org.testng.reporters.JUnitReportReporter -->
<testsuite hostname="PF-37ZPPE" failures="0" tests="2" name="session3.Test_02_PostMethod" time="1.133" errors="0" timestamp="2023-05-15T10:52:24 ICT" skipped="0">
  <testcase classname="session3.Test_02_PostMethod" name="test_01" time="0.590"/>
  <system-out/>
  <testcase classname="session3.Test_02_PostMethod" name="test_02" time="0.543"/>
  <system-out/>
</testsuite> <!-- session3.Test_02_PostMethod -->
