<?xml version="1.0" encoding="UTF-8"?>
<!-- Generated by org.testng.reporters.JUnitReportReporter -->
<testsuite hostname="PF-37ZPPE" failures="0" tests="2" name="session3.Test_01_GetMethod" time="1.822" errors="0" timestamp="2023-05-15T10:52:24 ICT" skipped="0">
  <testcase classname="session3.Test_01_GetMethod" name="test_01" time="1.677"/>
  <system-out/>
  <testcase classname="session3.Test_01_GetMethod" name="test_02" time="0.145"/>
  <system-out/>
</testsuite> <!-- session3.Test_01_GetMethod -->
